<?xml version="1.0" encoding="UTF-8"?>
<!-- Generated by org.testng.reporters.JUnitXMLReporter -->
<testsuite hostname="DESKTOP-Raveena" ignored="0" name="Default test" tests="9" failures="0" timestamp="22 Jul 2019 17:56:53 GMT" time="0.443" errors="0">
  <testcase name="testExpectedExceptions" time="0.007" classname="com.automation.seleniumPractice.practiceTestNGTest"/>
  <testcase name="testExpectedExceptions" time="0.001" classname="com.automation.seleniumPractice.practiceTestNGTest"/>
  <testcase name="testPriority" time="0.005" classname="com.automation.seleniumPractice.practiceTestNGTest"/>
  <testcase name="testDataProvider" time="0.0" classname="com.automation.seleniumPractice.practiceTestNGTest"/>
  <testcase name="testDataProvider" time="0.001" classname="com.automation.seleniumPractice.practiceTestNGTest"/>
  <testcase name="testDataProvider" time="0.0" classname="com.automation.seleniumPractice.practiceTestNGTest"/>
  <testcase name="testDataProvider" time="0.001" classname="com.automation.seleniumPractice.practiceTestNGTest"/>
  <testcase name="testDataProvider" time="0.001" classname="com.automation.seleniumPractice.practiceTestNGTest"/>
  <testcase name="testDataProvider" time="0.0" classname="com.automation.seleniumPractice.practiceTestNGTest"/>
</testsuite> <!-- Default test -->
