<?xml version="1.0" encoding="UTF-8"?>
<testng-results skipped="0" failed="0" ignored="0" total="0" passed="0">
  <reporter-output>
  </reporter-output>
  <suite name="com.automation.seleniumPractice.AppTest" duration-ms="4" started-at="2019-07-22T17:02:29Z" finished-at="2019-07-22T17:02:29Z">
    <groups>
    </groups>
    <test name="Command line test" duration-ms="4" started-at="2019-07-22T17:02:29Z" finished-at="2019-07-22T17:02:29Z">
    </test> <!-- Command line test -->
  </suite> <!-- com.automation.seleniumPractice.AppTest -->
</testng-results>
